<?xml version="1.0" encoding="utf-8"?><testsuites name="pytest tests"><testsuite name="pytest" errors="0" failures="1" skipped="0" tests="17" time="3.008" timestamp="2026-05-25T02:19:56.581824+00:00" hostname="agent-env-6e1d7129-68d3-42d6-97c9-84fcce845060"><testcase classname="backend.tests.test_wa_jobs.TestRegions" name="test_regions" time="0.424" /><testcase classname="backend.tests.test_wa_jobs.TestGroupsList" name="test_list_all_groups" time="0.048" /><testcase classname="backend.tests.test_wa_jobs.TestGroupsList" name="test_list_by_region[Hyderabad]" time="0.043" /><testcase classname="backend.tests.test_wa_jobs.TestGroupsList" name="test_list_by_region[Bihar]" time="0.054" /><testcase classname="backend.tests.test_wa_jobs.TestGroupsList" name="test_list_by_region[Delhi]" time="0.043" /><testcase classname="backend.tests.test_wa_jobs.TestGroupsList" name="test_list_by_region[Jharkhand]" time="0.047" /><testcase classname="backend.tests.test_wa_jobs.TestGroupsList" name="test_stats" time="0.047" /><testcase classname="backend.tests.test_wa_jobs.TestDiscovery" name="test_scan_status" time="0.045" /><testcase classname="backend.tests.test_wa_jobs.TestDiscovery" name="test_discover_starts" time="0.094" /><testcase classname="backend.tests.test_wa_jobs.TestDiscovery" name="test_discover_invalid_region" time="0.043"><failure message="assert 200 == 400&#10; +  where 200 = &lt;Response [200]&gt;.status_code">backend/tests/test_wa_jobs.py:98: in test_discover_invalid_region
    assert r.status_code == 400
E   assert 200 == 400
E    +  where 200 = &lt;Response [200]&gt;.status_code</failure></testcase><testcase classname="backend.tests.test_wa_jobs.TestSubmit" name="test_submit_invalid_link" time="0.044" /><testcase classname="backend.tests.test_wa_jobs.TestSubmit" name="test_submit_invalid_region" time="0.047" /><testcase classname="backend.tests.test_wa_jobs.TestSubmit" name="test_submit_existing_link" time="1.238" /><testcase classname="backend.tests.test_wa_jobs.TestReport" name="test_report_works_increments" time="0.134" /><testcase classname="backend.tests.test_wa_jobs.TestReport" name="test_report_approval_twice_hides" time="0.181" /><testcase classname="backend.tests.test_wa_jobs.TestReport" name="test_report_invalid_twice_marks_invalid" time="0.232" /><testcase classname="backend.tests.test_wa_jobs.TestReport" name="test_report_not_found" time="0.043" /></testsuite></testsuites>